<?xml version="1.0" encoding="UTF-8"?>
<testsuite name="com.example.road.service.ServerLoadBalancerTest" tests="3" skipped="0" failures="0" errors="0" timestamp="2026-01-04T12:14:04" hostname="DESKTOP-QTL0LHD" time="0.155">
  <properties/>
  <testcase name="라운드 로빈 방식으로 서버가 순환되는지 테스트" classname="com.example.road.service.ServerLoadBalancerTest" time="0.139"/>
  <testcase name="refreshServers 호출 시 서버 목록이 새로고침되는지 테스트" classname="com.example.road.service.ServerLoadBalancerTest" time="0.007"/>
  <testcase name="서버 인스턴스에 올바른 필드가 포함되어 있는지 테스트" classname="com.example.road.service.ServerLoadBalancerTest" time="0.008"/>
  <system-out><![CDATA[2026-01-04T21:14:04.456+09:00  INFO 12646 --- [    Test worker] c.e.road.service.ServerLoadBalancer      : 서버 로드 밸런서 초기화를 시작합니다.
2026-01-04T21:14:04.457+09:00  INFO 12646 --- [    Test worker] c.e.road.common.RoundRobinLoadBalancer   : [ServerInstances] 라운드 로빈 로드 밸런서가 생성되었습니다.
2026-01-04T21:14:04.457+09:00  INFO 12646 --- [    Test worker] c.e.road.service.ServerLoadBalancer      : 서버 목록 새로고침을 시작합니다.
2026-01-04T21:14:04.457+09:00  INFO 12646 --- [    Test worker] c.e.road.common.RoundRobinLoadBalancer   : [ServerInstances] 아이템 목록 새로고침을 시작합니다...
2026-01-04T21:14:04.458+09:00  INFO 12646 --- [    Test worker] c.e.road.common.RoundRobinLoadBalancer   : [ServerInstances] 3개의 활성 아이템을 로드했습니다. (전체: 3개)
2026-01-04T21:14:04.458+09:00  INFO 12646 --- [    Test worker] c.e.road.service.ServerLoadBalancer      : 서버 로드 밸런서 초기화를 완료했습니다.
2026-01-04T21:14:04.458+09:00 DEBUG 12646 --- [    Test worker] c.e.road.common.RoundRobinLoadBalancer   : [ServerInstances] 다음 아이템을 요청합니다.
2026-01-04T21:14:04.458+09:00 DEBUG 12646 --- [    Test worker] c.e.road.common.RoundRobinLoadBalancer   : [ServerInstances] 아이템 '1'를 선택했습니다.
2026-01-04T21:14:04.459+09:00 DEBUG 12646 --- [    Test worker] c.e.road.common.RoundRobinLoadBalancer   : [ServerInstances] 아이템 '1'를 큐에 다시 추가했습니다.
2026-01-04T21:14:04.465+09:00 DEBUG 12646 --- [    Test worker] c.e.road.common.RoundRobinLoadBalancer   : [ServerInstances] 다음 아이템을 요청합니다.
2026-01-04T21:14:04.465+09:00 DEBUG 12646 --- [    Test worker] c.e.road.common.RoundRobinLoadBalancer   : [ServerInstances] 아이템 '2'를 선택했습니다.
2026-01-04T21:14:04.465+09:00 DEBUG 12646 --- [    Test worker] c.e.road.common.RoundRobinLoadBalancer   : [ServerInstances] 아이템 '2'를 큐에 다시 추가했습니다.
2026-01-04T21:14:04.465+09:00 DEBUG 12646 --- [    Test worker] c.e.road.common.RoundRobinLoadBalancer   : [ServerInstances] 다음 아이템을 요청합니다.
2026-01-04T21:14:04.465+09:00 DEBUG 12646 --- [    Test worker] c.e.road.common.RoundRobinLoadBalancer   : [ServerInstances] 아이템 '3'를 선택했습니다.
2026-01-04T21:14:04.465+09:00 DEBUG 12646 --- [    Test worker] c.e.road.common.RoundRobinLoadBalancer   : [ServerInstances] 아이템 '3'를 큐에 다시 추가했습니다.
2026-01-04T21:14:04.465+09:00 DEBUG 12646 --- [    Test worker] c.e.road.common.RoundRobinLoadBalancer   : [ServerInstances] 다음 아이템을 요청합니다.
2026-01-04T21:14:04.466+09:00 DEBUG 12646 --- [    Test worker] c.e.road.common.RoundRobinLoadBalancer   : [ServerInstances] 아이템 '1'를 선택했습니다.
2026-01-04T21:14:04.466+09:00 DEBUG 12646 --- [    Test worker] c.e.road.common.RoundRobinLoadBalancer   : [ServerInstances] 아이템 '1'를 큐에 다시 추가했습니다.
2026-01-04T21:14:04.473+09:00  INFO 12646 --- [    Test worker] c.e.road.service.ServerLoadBalancer      : 서버 로드 밸런서 초기화를 시작합니다.
2026-01-04T21:14:04.474+09:00  INFO 12646 --- [    Test worker] c.e.road.common.RoundRobinLoadBalancer   : [ServerInstances] 라운드 로빈 로드 밸런서가 생성되었습니다.
2026-01-04T21:14:04.474+09:00  INFO 12646 --- [    Test worker] c.e.road.service.ServerLoadBalancer      : 서버 목록 새로고침을 시작합니다.
2026-01-04T21:14:04.474+09:00  INFO 12646 --- [    Test worker] c.e.road.common.RoundRobinLoadBalancer   : [ServerInstances] 아이템 목록 새로고침을 시작합니다...
2026-01-04T21:14:04.474+09:00  INFO 12646 --- [    Test worker] c.e.road.common.RoundRobinLoadBalancer   : [ServerInstances] 3개의 활성 아이템을 로드했습니다. (전체: 3개)
2026-01-04T21:14:04.474+09:00  INFO 12646 --- [    Test worker] c.e.road.service.ServerLoadBalancer      : 서버 로드 밸런서 초기화를 완료했습니다.
2026-01-04T21:14:04.475+09:00 DEBUG 12646 --- [    Test worker] c.e.road.common.RoundRobinLoadBalancer   : [ServerInstances] 다음 아이템을 요청합니다.
2026-01-04T21:14:04.475+09:00 DEBUG 12646 --- [    Test worker] c.e.road.common.RoundRobinLoadBalancer   : [ServerInstances] 아이템 '1'를 선택했습니다.
2026-01-04T21:14:04.475+09:00 DEBUG 12646 --- [    Test worker] c.e.road.common.RoundRobinLoadBalancer   : [ServerInstances] 아이템 '1'를 큐에 다시 추가했습니다.
2026-01-04T21:14:04.476+09:00  INFO 12646 --- [    Test worker] c.e.road.service.ServerLoadBalancer      : 서버 목록 새로고침을 시작합니다.
2026-01-04T21:14:04.476+09:00  INFO 12646 --- [    Test worker] c.e.road.common.RoundRobinLoadBalancer   : [ServerInstances] 아이템 목록 새로고침을 시작합니다...
2026-01-04T21:14:04.476+09:00  INFO 12646 --- [    Test worker] c.e.road.common.RoundRobinLoadBalancer   : [ServerInstances] 2개의 활성 아이템을 로드했습니다. (전체: 2개)
2026-01-04T21:14:04.476+09:00 DEBUG 12646 --- [    Test worker] c.e.road.common.RoundRobinLoadBalancer   : [ServerInstances] 다음 아이템을 요청합니다.
2026-01-04T21:14:04.477+09:00 DEBUG 12646 --- [    Test worker] c.e.road.common.RoundRobinLoadBalancer   : [ServerInstances] 아이템 '4'를 선택했습니다.
2026-01-04T21:14:04.477+09:00 DEBUG 12646 --- [    Test worker] c.e.road.common.RoundRobinLoadBalancer   : [ServerInstances] 아이템 '4'를 큐에 다시 추가했습니다.
2026-01-04T21:14:04.477+09:00 DEBUG 12646 --- [    Test worker] c.e.road.common.RoundRobinLoadBalancer   : [ServerInstances] 다음 아이템을 요청합니다.
2026-01-04T21:14:04.477+09:00 DEBUG 12646 --- [    Test worker] c.e.road.common.RoundRobinLoadBalancer   : [ServerInstances] 아이템 '5'를 선택했습니다.
2026-01-04T21:14:04.477+09:00 DEBUG 12646 --- [    Test worker] c.e.road.common.RoundRobinLoadBalancer   : [ServerInstances] 아이템 '5'를 큐에 다시 추가했습니다.
2026-01-04T21:14:04.478+09:00 DEBUG 12646 --- [    Test worker] c.e.road.common.RoundRobinLoadBalancer   : [ServerInstances] 다음 아이템을 요청합니다.
2026-01-04T21:14:04.478+09:00 DEBUG 12646 --- [    Test worker] c.e.road.common.RoundRobinLoadBalancer   : [ServerInstances] 아이템 '4'를 선택했습니다.
2026-01-04T21:14:04.478+09:00 DEBUG 12646 --- [    Test worker] c.e.road.common.RoundRobinLoadBalancer   : [ServerInstances] 아이템 '4'를 큐에 다시 추가했습니다.
2026-01-04T21:14:04.481+09:00  INFO 12646 --- [    Test worker] c.e.road.service.ServerLoadBalancer      : 서버 로드 밸런서 초기화를 시작합니다.
2026-01-04T21:14:04.482+09:00  INFO 12646 --- [    Test worker] c.e.road.common.RoundRobinLoadBalancer   : [ServerInstances] 라운드 로빈 로드 밸런서가 생성되었습니다.
2026-01-04T21:14:04.482+09:00  INFO 12646 --- [    Test worker] c.e.road.service.ServerLoadBalancer      : 서버 목록 새로고침을 시작합니다.
2026-01-04T21:14:04.482+09:00  INFO 12646 --- [    Test worker] c.e.road.common.RoundRobinLoadBalancer   : [ServerInstances] 아이템 목록 새로고침을 시작합니다...
2026-01-04T21:14:04.483+09:00  INFO 12646 --- [    Test worker] c.e.road.common.RoundRobinLoadBalancer   : [ServerInstances] 3개의 활성 아이템을 로드했습니다. (전체: 3개)
2026-01-04T21:14:04.483+09:00  INFO 12646 --- [    Test worker] c.e.road.service.ServerLoadBalancer      : 서버 로드 밸런서 초기화를 완료했습니다.
2026-01-04T21:14:04.483+09:00 DEBUG 12646 --- [    Test worker] c.e.road.common.RoundRobinLoadBalancer   : [ServerInstances] 다음 아이템을 요청합니다.
2026-01-04T21:14:04.484+09:00 DEBUG 12646 --- [    Test worker] c.e.road.common.RoundRobinLoadBalancer   : [ServerInstances] 아이템 '1'를 선택했습니다.
2026-01-04T21:14:04.484+09:00 DEBUG 12646 --- [    Test worker] c.e.road.common.RoundRobinLoadBalancer   : [ServerInstances] 아이템 '1'를 큐에 다시 추가했습니다.
]]></system-out>
  <system-err><![CDATA[]]></system-err>
</testsuite>
