<?xml version="1.0" encoding="UTF-8"?>
<testsuite name="com.example.road.mapper.ServerMapperTest" tests="1" skipped="0" failures="0" errors="0" timestamp="2026-01-04T12:14:04" hostname="DESKTOP-QTL0LHD" time="0.226">
  <properties/>
  <testcase name="활성 서버 목록 조회 테스트" classname="com.example.road.mapper.ServerMapperTest" time="0.226"/>
  <system-out><![CDATA[2026-01-04T21:14:03.182+09:00  INFO 12646 --- [    Test worker] t.c.s.AnnotationConfigContextLoaderUtils : Could not detect default configuration classes for test class [com.example.road.mapper.ServerMapperTest]: ServerMapperTest does not declare any static, non-private, non-final, nested classes annotated with @Configuration.
2026-01-04T21:14:03.202+09:00  INFO 12646 --- [    Test worker] .b.t.c.SpringBootTestContextBootstrapper : Found @SpringBootConfiguration com.example.road.RoadApplication for test class com.example.road.mapper.ServerMapperTest

  .   ____          _            __ _ _
 /\\ / ___'_ __ _ _(_)_ __  __ _ \ \ \ \
( ( )\___ | '_ | '_| | '_ \/ _` | \ \ \ \
 \\/  ___)| |_)| | | | | || (_| |  ) ) ) )
  '  |____| .__|_| |_|_| |_\__, | / / / /
 =========|_|==============|___/=/_/_/_/
 :: Spring Boot ::                (v3.2.1)

2026-01-04T21:14:03.240+09:00  INFO 12646 --- [    Test worker] c.example.road.mapper.ServerMapperTest   : Starting ServerMapperTest using Java 21.0.9 with PID 12646 (started by silkw in /home/silkw/apps/road)
2026-01-04T21:14:03.241+09:00 DEBUG 12646 --- [    Test worker] c.example.road.mapper.ServerMapperTest   : Running with Spring Boot v3.2.1, Spring v6.1.2
2026-01-04T21:14:03.242+09:00  INFO 12646 --- [    Test worker] c.example.road.mapper.ServerMapperTest   : No active profile set, falling back to 1 default profile: "default"
2026-01-04T21:14:03.443+09:00  INFO 12646 --- [    Test worker] beddedDataSourceBeanFactoryPostProcessor : Replacing 'dataSource' DataSource bean with embedded version
2026-01-04T21:14:03.557+09:00  INFO 12646 --- [    Test worker] o.s.j.d.e.EmbeddedDatabaseFactory        : Starting embedded database: url='jdbc:h2:mem:3cce27e6-932b-4858-bc2f-0969bfcbcffa;DB_CLOSE_DELAY=-1;DB_CLOSE_ON_EXIT=false', username='sa'
2026-01-04T21:14:04.085+09:00  INFO 12646 --- [    Test worker] c.example.road.mapper.ServerMapperTest   : Started ServerMapperTest in 0.879 seconds (process running for 5.477)
2026-01-04T21:14:04.140+09:00 DEBUG 12646 --- [    Test worker] c.e.r.m.ServerMapper.findActiveServers   : ==>  Preparing: SELECT id, name, url, active FROM servers WHERE active = true
2026-01-04T21:14:04.182+09:00 DEBUG 12646 --- [    Test worker] c.e.r.m.ServerMapper.findActiveServers   : ==> Parameters: 
2026-01-04T21:14:04.231+09:00 DEBUG 12646 --- [    Test worker] c.e.r.m.ServerMapper.findActiveServers   : <==      Total: 3
]]></system-out>
  <system-err><![CDATA[]]></system-err>
</testsuite>
